  Game.cpp
sfml-window-s-d.lib(Window.cpp.obj) : warning LNK4099: PDB '' n'a pu être trouvé avec 'sfml-window-s-d.lib(Window.cpp.obj)' ou sur '' ; l'objet sera lié sans informations de débogage
sfml-window-s-d.lib(GlResource.cpp.obj) : warning LNK4099: PDB '' n'a pu être trouvé avec 'sfml-window-s-d.lib(GlResource.cpp.obj)' ou sur '' ; l'objet sera lié sans informations de débogage
sfml-window-s-d.lib(GlContext.cpp.obj) : warning LNK4099: PDB '' n'a pu être trouvé avec 'sfml-window-s-d.lib(GlContext.cpp.obj)' ou sur '' ; l'objet sera lié sans informations de débogage
sfml-window-s-d.lib(WindowBase.cpp.obj) : warning LNK4099: PDB '' n'a pu être trouvé avec 'sfml-window-s-d.lib(WindowBase.cpp.obj)' ou sur '' ; l'objet sera lié sans informations de débogage
sfml-window-s-d.lib(VideoMode.cpp.obj) : warning LNK4099: PDB '' n'a pu être trouvé avec 'sfml-window-s-d.lib(VideoMode.cpp.obj)' ou sur '' ; l'objet sera lié sans informations de débogage
sfml-window-s-d.lib(WindowImpl.cpp.obj) : warning LNK4099: PDB '' n'a pu être trouvé avec 'sfml-window-s-d.lib(WindowImpl.cpp.obj)' ou sur '' ; l'objet sera lié sans informations de débogage
sfml-window-s-d.lib(Context.cpp.obj) : warning LNK4099: PDB '' n'a pu être trouvé avec 'sfml-window-s-d.lib(Context.cpp.obj)' ou sur '' ; l'objet sera lié sans informations de débogage
sfml-window-s-d.lib(WglContext.cpp.obj) : warning LNK4099: PDB '' n'a pu être trouvé avec 'sfml-window-s-d.lib(WglContext.cpp.obj)' ou sur '' ; l'objet sera lié sans informations de débogage
sfml-window-s-d.lib(Cursor.cpp.obj) : warning LNK4099: PDB '' n'a pu être trouvé avec 'sfml-window-s-d.lib(Cursor.cpp.obj)' ou sur '' ; l'objet sera lié sans informations de débogage
sfml-window-s-d.lib(VideoModeImpl.cpp.obj) : warning LNK4099: PDB '' n'a pu être trouvé avec 'sfml-window-s-d.lib(VideoModeImpl.cpp.obj)' ou sur '' ; l'objet sera lié sans informations de débogage
sfml-window-s-d.lib(JoystickManager.cpp.obj) : warning LNK4099: PDB '' n'a pu être trouvé avec 'sfml-window-s-d.lib(JoystickManager.cpp.obj)' ou sur '' ; l'objet sera lié sans informations de débogage
sfml-window-s-d.lib(SensorManager.cpp.obj) : warning LNK4099: PDB '' n'a pu être trouvé avec 'sfml-window-s-d.lib(SensorManager.cpp.obj)' ou sur '' ; l'objet sera lié sans informations de débogage
sfml-window-s-d.lib(WindowImplWin32.cpp.obj) : warning LNK4099: PDB '' n'a pu être trouvé avec 'sfml-window-s-d.lib(WindowImplWin32.cpp.obj)' ou sur '' ; l'objet sera lié sans informations de débogage
sfml-window-s-d.lib(VulkanImplWin32.cpp.obj) : warning LNK4099: PDB '' n'a pu être trouvé avec 'sfml-window-s-d.lib(VulkanImplWin32.cpp.obj)' ou sur '' ; l'objet sera lié sans informations de débogage
sfml-window-s-d.lib(CursorImpl.cpp.obj) : warning LNK4099: PDB '' n'a pu être trouvé avec 'sfml-window-s-d.lib(CursorImpl.cpp.obj)' ou sur '' ; l'objet sera lié sans informations de débogage
sfml-window-s-d.lib(JoystickImpl.cpp.obj) : warning LNK4099: PDB '' n'a pu être trouvé avec 'sfml-window-s-d.lib(JoystickImpl.cpp.obj)' ou sur '' ; l'objet sera lié sans informations de débogage
sfml-window-s-d.lib(SensorImpl.cpp.obj) : warning LNK4099: PDB '' n'a pu être trouvé avec 'sfml-window-s-d.lib(SensorImpl.cpp.obj)' ou sur '' ; l'objet sera lié sans informations de débogage
sfml-system-s-d.lib(Clock.cpp.obj) : warning LNK4099: PDB '' n'a pu être trouvé avec 'sfml-system-s-d.lib(Clock.cpp.obj)' ou sur '' ; l'objet sera lié sans informations de débogage
sfml-system-s-d.lib(Err.cpp.obj) : warning LNK4099: PDB '' n'a pu être trouvé avec 'sfml-system-s-d.lib(Err.cpp.obj)' ou sur '' ; l'objet sera lié sans informations de débogage
sfml-system-s-d.lib(Sleep.cpp.obj) : warning LNK4099: PDB '' n'a pu être trouvé avec 'sfml-system-s-d.lib(Sleep.cpp.obj)' ou sur '' ; l'objet sera lié sans informations de débogage
sfml-system-s-d.lib(String.cpp.obj) : warning LNK4099: PDB '' n'a pu être trouvé avec 'sfml-system-s-d.lib(String.cpp.obj)' ou sur '' ; l'objet sera lié sans informations de débogage
sfml-system-s-d.lib(SleepImpl.cpp.obj) : warning LNK4099: PDB '' n'a pu être trouvé avec 'sfml-system-s-d.lib(SleepImpl.cpp.obj)' ou sur '' ; l'objet sera lié sans informations de débogage
sfml-graphics-s-d.lib(Transformable.cpp.obj) : warning LNK4099: PDB '' n'a pu être trouvé avec 'sfml-graphics-s-d.lib(Transformable.cpp.obj)' ou sur '' ; l'objet sera lié sans informations de débogage
sfml-graphics-s-d.lib(Texture.cpp.obj) : warning LNK4099: PDB '' n'a pu être trouvé avec 'sfml-graphics-s-d.lib(Texture.cpp.obj)' ou sur '' ; l'objet sera lié sans informations de débogage
sfml-graphics-s-d.lib(RenderTarget.cpp.obj) : warning LNK4099: PDB '' n'a pu être trouvé avec 'sfml-graphics-s-d.lib(RenderTarget.cpp.obj)' ou sur '' ; l'objet sera lié sans informations de débogage
sfml-graphics-s-d.lib(Sprite.cpp.obj) : warning LNK4099: PDB '' n'a pu être trouvé avec 'sfml-graphics-s-d.lib(Sprite.cpp.obj)' ou sur '' ; l'objet sera lié sans informations de débogage
sfml-graphics-s-d.lib(RenderStates.cpp.obj) : warning LNK4099: PDB '' n'a pu être trouvé avec 'sfml-graphics-s-d.lib(RenderStates.cpp.obj)' ou sur '' ; l'objet sera lié sans informations de débogage
sfml-graphics-s-d.lib(StencilMode.cpp.obj) : warning LNK4099: PDB '' n'a pu être trouvé avec 'sfml-graphics-s-d.lib(StencilMode.cpp.obj)' ou sur '' ; l'objet sera lié sans informations de débogage
sfml-graphics-s-d.lib(RenderWindow.cpp.obj) : warning LNK4099: PDB '' n'a pu être trouvé avec 'sfml-graphics-s-d.lib(RenderWindow.cpp.obj)' ou sur '' ; l'objet sera lié sans informations de débogage
sfml-graphics-s-d.lib(GLExtensions.cpp.obj) : warning LNK4099: PDB '' n'a pu être trouvé avec 'sfml-graphics-s-d.lib(GLExtensions.cpp.obj)' ou sur '' ; l'objet sera lié sans informations de débogage
sfml-graphics-s-d.lib(GLCheck.cpp.obj) : warning LNK4099: PDB '' n'a pu être trouvé avec 'sfml-graphics-s-d.lib(GLCheck.cpp.obj)' ou sur '' ; l'objet sera lié sans informations de débogage
sfml-graphics-s-d.lib(Image.cpp.obj) : warning LNK4099: PDB '' n'a pu être trouvé avec 'sfml-graphics-s-d.lib(Image.cpp.obj)' ou sur '' ; l'objet sera lié sans informations de débogage
sfml-graphics-s-d.lib(TextureSaver.cpp.obj) : warning LNK4099: PDB '' n'a pu être trouvé avec 'sfml-graphics-s-d.lib(TextureSaver.cpp.obj)' ou sur '' ; l'objet sera lié sans informations de débogage
sfml-graphics-s-d.lib(BlendMode.cpp.obj) : warning LNK4099: PDB '' n'a pu être trouvé avec 'sfml-graphics-s-d.lib(BlendMode.cpp.obj)' ou sur '' ; l'objet sera lié sans informations de débogage
sfml-graphics-s-d.lib(View.cpp.obj) : warning LNK4099: PDB '' n'a pu être trouvé avec 'sfml-graphics-s-d.lib(View.cpp.obj)' ou sur '' ; l'objet sera lié sans informations de débogage
sfml-graphics-s-d.lib(Shader.cpp.obj) : warning LNK4099: PDB '' n'a pu être trouvé avec 'sfml-graphics-s-d.lib(Shader.cpp.obj)' ou sur '' ; l'objet sera lié sans informations de débogage
sfml-graphics-s-d.lib(VertexBuffer.cpp.obj) : warning LNK4099: PDB '' n'a pu être trouvé avec 'sfml-graphics-s-d.lib(VertexBuffer.cpp.obj)' ou sur '' ; l'objet sera lié sans informations de débogage
sfml-graphics-s-d.lib(RenderTextureImplFBO.cpp.obj) : warning LNK4099: PDB '' n'a pu être trouvé avec 'sfml-graphics-s-d.lib(RenderTextureImplFBO.cpp.obj)' ou sur '' ; l'objet sera lié sans informations de débogage
sfml-graphics-s-d.lib(Glsl.cpp.obj) : warning LNK4099: PDB '' n'a pu être trouvé avec 'sfml-graphics-s-d.lib(Glsl.cpp.obj)' ou sur '' ; l'objet sera lié sans informations de débogage
sfml-window-s-d.lib(Keyboard.cpp.obj) : warning LNK4099: PDB '' n'a pu être trouvé avec 'sfml-window-s-d.lib(Keyboard.cpp.obj)' ou sur '' ; l'objet sera lié sans informations de débogage
sfml-window-s-d.lib(InputImpl.cpp.obj) : warning LNK4099: PDB '' n'a pu être trouvé avec 'sfml-window-s-d.lib(InputImpl.cpp.obj)' ou sur '' ; l'objet sera lié sans informations de débogage
sfml-system-s-d.lib(Utils.cpp.obj) : warning LNK4099: PDB '' n'a pu être trouvé avec 'sfml-system-s-d.lib(Utils.cpp.obj)' ou sur '' ; l'objet sera lié sans informations de débogage
Game.obj : error LNK2001: symbole externe non résolu "public: virtual void __cdecl Component::Start(void)" (?Start@Component@@UEAAXXZ)
Engine.lib(SpriteRenderer.obj) : error LNK2001: symbole externe non résolu "public: virtual void __cdecl Component::Start(void)" (?Start@Component@@UEAAXXZ)
Engine.lib(Player.obj) : error LNK2001: symbole externe non résolu "public: virtual void __cdecl Component::Start(void)" (?Start@Component@@UEAAXXZ)
Game.obj : error LNK2001: symbole externe non résolu "public: virtual void __cdecl Component::Update(void)" (?Update@Component@@UEAAXXZ)
Engine.lib(SpriteRenderer.obj) : error LNK2001: symbole externe non résolu "public: virtual void __cdecl Component::Update(void)" (?Update@Component@@UEAAXXZ)
Engine.lib(Player.obj) : error LNK2001: symbole externe non résolu "public: virtual void __cdecl Component::Update(void)" (?Update@Component@@UEAAXXZ)
Game.obj : error LNK2001: symbole externe non résolu "public: virtual void __cdecl Component::Render(class sf::RenderWindow &)" (?Render@Component@@UEAAXAEAVRenderWindow@sf@@@Z)
Engine.lib(SpriteRenderer.obj) : error LNK2001: symbole externe non résolu "public: virtual void __cdecl Component::Render(class sf::RenderWindow &)" (?Render@Component@@UEAAXAEAVRenderWindow@sf@@@Z)
Engine.lib(Player.obj) : error LNK2001: symbole externe non résolu "public: virtual void __cdecl Component::Render(class sf::RenderWindow &)" (?Render@Component@@UEAAXAEAVRenderWindow@sf@@@Z)
Game.obj : error LNK2001: symbole externe non résolu "public: virtual void __cdecl Component::Destroy(void)" (?Destroy@Component@@UEAAXXZ)
Engine.lib(SpriteRenderer.obj) : error LNK2001: symbole externe non résolu "public: virtual void __cdecl Component::Destroy(void)" (?Destroy@Component@@UEAAXXZ)
Engine.lib(Player.obj) : error LNK2001: symbole externe non résolu "public: virtual void __cdecl Component::Destroy(void)" (?Destroy@Component@@UEAAXXZ)
Game.obj : error LNK2019: symbole externe non résolu "public: class Component * __cdecl GameObject::AddComponent(class Component *)" (?AddComponent@GameObject@@QEAAPEAVComponent@@PEAV2@@Z) référencé dans la fonction "class GameObject __cdecl createPlayer(void)" (?createPlayer@@YA?AVGameObject@@XZ)
C:\Users\cpilat\source\repos\GamingCampus-MillieBourgois-25-26\shoot-em-up-super-awesome-team-name\x64\Debug\Game.exe : fatal error LNK1120: 5 externes non résolus
